<?xml version="1.0" encoding="UTF-8"?>
<!-- Generated by org.testng.reporters.JUnitXMLReporter -->
<testsuite ignored="2" hostname="BPS" failures="1" tests="2" name="login" time="0.456" errors="0" timestamp="2022-10-19T01:54:40 IST">
  <testcase classname="test.components.Login_test_001" name="login_test" time="0.4"/>
  <testcase classname="test.components.Cart_test_002" name="addto" time="0.01">
    <failure type="java.lang.NullPointerException" message="Cannot invoke &amp;quot;org.openqa.selenium.SearchContext.findElement(org.openqa.selenium.By)&amp;quot; because &amp;quot;this.searchContext&amp;quot; is null">
      <![CDATA[java.lang.NullPointerException: Cannot invoke "org.openqa.selenium.SearchContext.findElement(org.openqa.selenium.By)" because "this.searchContext" is null
at org.openqa.selenium.support.pagefactory.DefaultElementLocator.findElement(DefaultElementLocator.java:70)
at org.openqa.selenium.support.pagefactory.internal.LocatingElementHandler.invoke(LocatingElementHandler.java:39)
at jdk.proxy2/jdk.proxy2.$Proxy17.click(Unknown Source)
at SwagLabs.addProduct.add(addProduct.java:21)
at test.components.Cart_test_002.addto(Cart_test_002.java:14)
at java.base/java.util.ArrayList.forEach(ArrayList.java:1511)
... Removed 25 stack frames]]>
    </failure>
  </testcase> <!-- addto -->
  <testcase classname="utility.BaseClass" name="@AfterSuite teardown" time="0.0">
    <ignored/>
  </testcase> <!-- @AfterSuite teardown -->
  <testcase classname="utility.BaseClass" name="@BeforeSuite intiallize_Browser" time="0.0">
    <ignored/>
  </testcase> <!-- @BeforeSuite intiallize_Browser -->
</testsuite> <!-- login -->
