<?xml version="1.0" encoding="UTF-8"?>
<!-- Generated by org.testng.reporters.JUnitXMLReporter -->
<testsuite ignored="0" hostname="BPS" failures="0" tests="7" name="Test" time="12.437" errors="0" timestamp="2022-10-26T00:42:54 IST">
  <testcase classname="test.components.Login_test_001" name="login_test_01" time="4.081"/>
  <testcase classname="test.components.Login_test_001" name="addtoCart_02" time="5.447"/>
  <testcase classname="test.components.Login_test_001" name="cartPage_03" time="0.107"/>
  <testcase classname="test.components.Login_test_001" name="enterInformation_04" time="0.439"/>
  <testcase classname="test.components.Login_test_001" name="overview_05" time="0.136"/>
  <testcase classname="test.components.Login_test_001" name="complete_06" time="0.036"/>
  <testcase classname="test.components.Login_test_001" name="logout_07" time="2.126"/>
</testsuite> <!-- Test -->
