<?xml version="1.0" encoding="UTF-8"?>
<testng-results ignored="0" total="1" passed="1" failed="0" skipped="0">
  <reporter-output>
  </reporter-output>
  <suite started-at="2022-11-14T01:32:45 IST" name="Suite" finished-at="2022-11-14T01:33:17 IST" duration-ms="32113">
    <groups>
    </groups>
    <test started-at="2022-11-14T01:32:45 IST" name="Test" finished-at="2022-11-14T01:33:17 IST" duration-ms="32113">
      <class name="Practice.TextTEst">
        <test-method is-config="true" signature="intiallize_browser()[pri:0, instance:Practice.TextTEst@2ef3eef9]" started-at="2022-11-14T01:32:45 IST" name="intiallize_browser" finished-at="2022-11-14T01:32:47 IST" duration-ms="1730" status="PASS">
          <reporter-output>
          </reporter-output>
        </test-method> <!-- intiallize_browser -->
        <test-method signature="test()[pri:0, instance:Practice.TextTEst@2ef3eef9]" started-at="2022-11-14T01:32:47 IST" name="test" finished-at="2022-11-14T01:33:17 IST" duration-ms="30131" status="PASS">
          <reporter-output>
          </reporter-output>
        </test-method> <!-- test -->
        <test-method is-config="true" signature="tear_down()[pri:0, instance:Practice.TextTEst@2ef3eef9]" started-at="2022-11-14T01:33:17 IST" name="tear_down" finished-at="2022-11-14T01:33:17 IST" duration-ms="209" status="PASS">
          <reporter-output>
          </reporter-output>
        </test-method> <!-- tear_down -->
      </class> <!-- Practice.TextTEst -->
    </test> <!-- Test -->
  </suite> <!-- Suite -->
</testng-results>
