<?xml version="1.0" encoding="UTF-8"?>
<!-- Generated by org.testng.reporters.JUnitXMLReporter -->
<testsuite ignored="0" hostname="BPS" failures="1" tests="7" name="edgeTest" time="105.315" errors="0" timestamp="2022-10-12T02:40:32 IST">
  <testcase classname="framework.TestComponent.TC_loginTest_id_001" name="loginTest" time="62.299">
    <failure type="org.openqa.selenium.UnhandledAlertException" message="unexpected alert open: {Alert text : User or Password is not valid}
  (Session info: MicrosoftEdge=104.0.1293.63): User or Password is not valid
Build info: version: &amp;apos;4.4.0&amp;apos;, revision: &amp;apos;e5c75ed026a&amp;apos;
System info: host: &amp;apos;BPS&amp;apos;, ip: &amp;apos;192.168.110.206&amp;apos;, os.name: &amp;apos;Windows 11&amp;apos;, os.arch: &amp;apos;amd64&amp;apos;, os.version: &amp;apos;10.0&amp;apos;, java.version: &amp;apos;18.0.1.1&amp;apos;
Driver info: org.openqa.selenium.edge.EdgeDriver
Command: [1e4061e1b05d53c828ec38e3de637f61, clickElement {id=f5ca3aac-8ff2-43f2-83a7-d7ca731096cc}]
Capabilities {acceptInsecureCerts: false, browserName: msedge, browserVersion: 104.0.1293.63, ms:edgeOptions: {debuggerAddress: localhost:51681}, msedge: {msedgedriverVersion: 104.0.1293.47 (246533a39fec..., userDataDir: C:\Users\hp\AppData\Local\T...}, networkConnectionEnabled: false, pageLoadStrategy: normal, platformName: WINDOWS, proxy: Proxy(), se:cdp: ws://localhost:51681/devtoo..., se:cdpVersion: 104.0.1293.63, setWindowRect: true, strictFileInteractability: false, timeouts: {implicit: 0, pageLoad: 300000, script: 30000}, unhandledPromptBehavior: dismiss and notify, webauthn:extension:credBlob: true, webauthn:extension:largeBlob: true, webauthn:virtualAuthenticators: true}
Element: [[EdgeDriver: msedge on WINDOWS (1e4061e1b05d53c828ec38e3de637f61)] -&amp;gt; xpath: //input[@name=&amp;apos;btnLogin&amp;apos;]]
Session ID: 1e4061e1b05d53c828ec38e3de637f61">
      <![CDATA[org.openqa.selenium.UnhandledAlertException: unexpected alert open: {Alert text : User or Password is not valid}
  (Session info: MicrosoftEdge=104.0.1293.63): User or Password is not valid
Build info: version: '4.4.0', revision: 'e5c75ed026a'
System info: host: 'BPS', ip: '192.168.110.206', os.name: 'Windows 11', os.arch: 'amd64', os.version: '10.0', java.version: '18.0.1.1'
Driver info: org.openqa.selenium.edge.EdgeDriver
Command: [1e4061e1b05d53c828ec38e3de637f61, clickElement {id=f5ca3aac-8ff2-43f2-83a7-d7ca731096cc}]
Capabilities {acceptInsecureCerts: false, browserName: msedge, browserVersion: 104.0.1293.63, ms:edgeOptions: {debuggerAddress: localhost:51681}, msedge: {msedgedriverVersion: 104.0.1293.47 (246533a39fec..., userDataDir: C:\Users\hp\AppData\Local\T...}, networkConnectionEnabled: false, pageLoadStrategy: normal, platformName: WINDOWS, proxy: Proxy(), se:cdp: ws://localhost:51681/devtoo..., se:cdpVersion: 104.0.1293.63, setWindowRect: true, strictFileInteractability: false, timeouts: {implicit: 0, pageLoad: 300000, script: 30000}, unhandledPromptBehavior: dismiss and notify, webauthn:extension:credBlob: true, webauthn:extension:largeBlob: true, webauthn:virtualAuthenticators: true}
Element: [[EdgeDriver: msedge on WINDOWS (1e4061e1b05d53c828ec38e3de637f61)] -> xpath: //input[@name='btnLogin']]
Session ID: 1e4061e1b05d53c828ec38e3de637f61
at org.openqa.selenium.remote.codec.w3c.W3CHttpResponseCodec.decode(W3CHttpResponseCodec.java:131)
at org.openqa.selenium.remote.codec.w3c.W3CHttpResponseCodec.decode(W3CHttpResponseCodec.java:53)
at org.openqa.selenium.remote.HttpCommandExecutor.execute(HttpCommandExecutor.java:184)
at org.openqa.selenium.remote.service.DriverCommandExecutor.invokeExecute(DriverCommandExecutor.java:167)
at org.openqa.selenium.remote.service.DriverCommandExecutor.execute(DriverCommandExecutor.java:142)
at org.openqa.selenium.remote.RemoteWebDriver.execute(RemoteWebDriver.java:547)
at org.openqa.selenium.remote.RemoteWebElement.execute(RemoteWebElement.java:257)
at org.openqa.selenium.remote.RemoteWebElement.click(RemoteWebElement.java:78)
at org.openqa.selenium.support.pagefactory.internal.LocatingElementHandler.invoke(LocatingElementHandler.java:52)
at jdk.proxy2/jdk.proxy2.$Proxy18.click(Unknown Source)
at bankingguru99.loginPage.submitButton(loginPage.java:39)
at framework.TestComponent.TC_loginTest_id_001.loginTest(TC_loginTest_id_001.java:30)
at java.base/java.util.ArrayList.forEach(ArrayList.java:1511)
at java.base/java.util.concurrent.FutureTask.run(FutureTask.java:264)
at java.base/java.util.concurrent.ThreadPoolExecutor.runWorker(ThreadPoolExecutor.java:1136)
at java.base/java.util.concurrent.ThreadPoolExecutor$Worker.run(ThreadPoolExecutor.java:635)
at java.base/java.lang.Thread.run(Thread.java:833)
... Removed 18 stack frames]]>
    </failure>
  </testcase> <!-- loginTest -->
  <testcase classname="framework.TestComponent.TC_loginTest_id_001" name="addnewcustTest" time="0.0">
    <skipped/>
  </testcase> <!-- addnewcustTest -->
  <testcase classname="framework.TestComponent.TC_loginTest_id_001" name="handleiframe" time="0.0">
    <skipped/>
  </testcase> <!-- handleiframe -->
  <testcase classname="framework.TestComponent.TC_loginTest_id_001" name="createNewUSer" time="0.0">
    <skipped/>
  </testcase> <!-- createNewUSer -->
  <testcase classname="framework.TestComponent.TC_loginTest_id_001" name="confirmMessage" time="0.0">
    <skipped/>
  </testcase> <!-- confirmMessage -->
  <testcase classname="framework.TestComponent.TC_loginTest_id_001" name="EditCustomer" time="0.0">
    <skipped/>
  </testcase> <!-- EditCustomer -->
  <testcase classname="framework.TestComponent.TC_loginTest_id_001" name="deleteCustomer" time="0.0">
    <skipped/>
  </testcase> <!-- deleteCustomer -->
</testsuite> <!-- edgeTest -->
