<?xml version="1.0" encoding="UTF-8"?>
<testng-results ignored="0" total="7" passed="7" failed="0" skipped="0">
  <reporter-output>
  </reporter-output>
  <suite started-at="2022-10-26T00:42:41 IST" name="Suite" finished-at="2022-10-26T00:42:54 IST" duration-ms="12437">
    <groups>
    </groups>
    <test started-at="2022-10-26T00:42:41 IST" name="Test" finished-at="2022-10-26T00:42:54 IST" duration-ms="12437">
      <class name="test.components.Login_test_001">
        <test-method is-config="true" signature="intiallize_Browser(java.lang.String)[pri:0, instance:test.components.Login_test_001@1fa268de]" started-at="2022-10-26T00:42:39 IST" name="intiallize_Browser" finished-at="2022-10-26T00:42:41 IST" duration-ms="2465" status="PASS">
          <params>
            <param index="0">
              <value>
                <![CDATA[Chrome]]>
              </value>
            </param>
          </params>
          <reporter-output>
          </reporter-output>
        </test-method> <!-- intiallize_Browser -->
        <test-method signature="login_test_01()[pri:0, instance:test.components.Login_test_001@1fa268de]" started-at="2022-10-26T00:42:41 IST" name="login_test_01" finished-at="2022-10-26T00:42:46 IST" duration-ms="4081" status="PASS">
          <reporter-output>
          </reporter-output>
        </test-method> <!-- login_test_01 -->
        <test-method is-config="true" signature="onTestFailure(org.testng.ITestResult)[pri:0, instance:test.components.Login_test_001@1fa268de]" started-at="2022-10-26T00:42:46 IST" name="onTestFailure" finished-at="2022-10-26T00:42:46 IST" duration-ms="2" status="PASS">
          <params>
            <param index="0">
              <value>
                <![CDATA[[TestResult name=login_test_01 status=SUCCESS method=Login_test_001.login_test_01()[pri:0, instance:test.components.Login_test_001@1fa268de] output={null}]]]>
              </value>
            </param>
          </params>
          <reporter-output>
          </reporter-output>
        </test-method> <!-- onTestFailure -->
        <test-method signature="addtoCart_02()[pri:0, instance:test.components.Login_test_001@1fa268de]" started-at="2022-10-26T00:42:46 IST" name="addtoCart_02" finished-at="2022-10-26T00:42:51 IST" depends-on-methods="test.components.Login_test_001.login_test_01" duration-ms="5447" status="PASS">
          <reporter-output>
          </reporter-output>
        </test-method> <!-- addtoCart_02 -->
        <test-method signature="cartPage_03()[pri:0, instance:test.components.Login_test_001@1fa268de]" started-at="2022-10-26T00:42:51 IST" name="cartPage_03" finished-at="2022-10-26T00:42:51 IST" depends-on-methods="test.components.Login_test_001.addtoCart_02" duration-ms="107" status="PASS">
          <reporter-output>
          </reporter-output>
        </test-method> <!-- cartPage_03 -->
        <test-method is-config="true" signature="onTestFailure(org.testng.ITestResult)[pri:0, instance:test.components.Login_test_001@1fa268de]" started-at="2022-10-26T00:42:51 IST" name="onTestFailure" finished-at="2022-10-26T00:42:51 IST" duration-ms="0" status="PASS">
          <params>
            <param index="0">
              <value>
                <![CDATA[[TestResult name=addtoCart_02 status=SUCCESS method=Login_test_001.addtoCart_02()[pri:0, instance:test.components.Login_test_001@1fa268de] output={null}]]]>
              </value>
            </param>
          </params>
          <reporter-output>
          </reporter-output>
        </test-method> <!-- onTestFailure -->
        <test-method signature="enterInformation_04()[pri:0, instance:test.components.Login_test_001@1fa268de]" started-at="2022-10-26T00:42:51 IST" name="enterInformation_04" finished-at="2022-10-26T00:42:52 IST" depends-on-methods="test.components.Login_test_001.cartPage_03" duration-ms="439" status="PASS">
          <reporter-output>
          </reporter-output>
        </test-method> <!-- enterInformation_04 -->
        <test-method is-config="true" signature="onTestFailure(org.testng.ITestResult)[pri:0, instance:test.components.Login_test_001@1fa268de]" started-at="2022-10-26T00:42:51 IST" name="onTestFailure" finished-at="2022-10-26T00:42:51 IST" duration-ms="0" status="PASS">
          <params>
            <param index="0">
              <value>
                <![CDATA[[TestResult name=cartPage_03 status=SUCCESS method=Login_test_001.cartPage_03()[pri:0, instance:test.components.Login_test_001@1fa268de] output={null}]]]>
              </value>
            </param>
          </params>
          <reporter-output>
          </reporter-output>
        </test-method> <!-- onTestFailure -->
        <test-method signature="overview_05()[pri:0, instance:test.components.Login_test_001@1fa268de]" started-at="2022-10-26T00:42:52 IST" name="overview_05" finished-at="2022-10-26T00:42:52 IST" depends-on-methods="test.components.Login_test_001.enterInformation_04" duration-ms="136" status="PASS">
          <reporter-output>
          </reporter-output>
        </test-method> <!-- overview_05 -->
        <test-method is-config="true" signature="onTestFailure(org.testng.ITestResult)[pri:0, instance:test.components.Login_test_001@1fa268de]" started-at="2022-10-26T00:42:52 IST" name="onTestFailure" finished-at="2022-10-26T00:42:52 IST" duration-ms="0" status="PASS">
          <params>
            <param index="0">
              <value>
                <![CDATA[[TestResult name=enterInformation_04 status=SUCCESS method=Login_test_001.enterInformation_04()[pri:0, instance:test.components.Login_test_001@1fa268de] output={null}]]]>
              </value>
            </param>
          </params>
          <reporter-output>
          </reporter-output>
        </test-method> <!-- onTestFailure -->
        <test-method is-config="true" signature="onTestFailure(org.testng.ITestResult)[pri:0, instance:test.components.Login_test_001@1fa268de]" started-at="2022-10-26T00:42:52 IST" name="onTestFailure" finished-at="2022-10-26T00:42:52 IST" duration-ms="0" status="PASS">
          <params>
            <param index="0">
              <value>
                <![CDATA[[TestResult name=overview_05 status=SUCCESS method=Login_test_001.overview_05()[pri:0, instance:test.components.Login_test_001@1fa268de] output={null}]]]>
              </value>
            </param>
          </params>
          <reporter-output>
          </reporter-output>
        </test-method> <!-- onTestFailure -->
        <test-method signature="complete_06()[pri:0, instance:test.components.Login_test_001@1fa268de]" started-at="2022-10-26T00:42:52 IST" name="complete_06" finished-at="2022-10-26T00:42:52 IST" depends-on-methods="test.components.Login_test_001.overview_05" duration-ms="36" status="PASS">
          <reporter-output>
          </reporter-output>
        </test-method> <!-- complete_06 -->
        <test-method signature="logout_07()[pri:0, instance:test.components.Login_test_001@1fa268de]" started-at="2022-10-26T00:42:52 IST" name="logout_07" finished-at="2022-10-26T00:42:54 IST" depends-on-methods="test.components.Login_test_001.complete_06" duration-ms="2126" status="PASS">
          <reporter-output>
          </reporter-output>
        </test-method> <!-- logout_07 -->
        <test-method is-config="true" signature="onTestFailure(org.testng.ITestResult)[pri:0, instance:test.components.Login_test_001@1fa268de]" started-at="2022-10-26T00:42:52 IST" name="onTestFailure" finished-at="2022-10-26T00:42:52 IST" duration-ms="0" status="PASS">
          <params>
            <param index="0">
              <value>
                <![CDATA[[TestResult name=complete_06 status=SUCCESS method=Login_test_001.complete_06()[pri:0, instance:test.components.Login_test_001@1fa268de] output={null}]]]>
              </value>
            </param>
          </params>
          <reporter-output>
          </reporter-output>
        </test-method> <!-- onTestFailure -->
        <test-method is-config="true" signature="onTestFailure(org.testng.ITestResult)[pri:0, instance:test.components.Login_test_001@1fa268de]" started-at="2022-10-26T00:42:54 IST" name="onTestFailure" finished-at="2022-10-26T00:42:54 IST" duration-ms="0" status="PASS">
          <params>
            <param index="0">
              <value>
                <![CDATA[[TestResult name=logout_07 status=SUCCESS method=Login_test_001.logout_07()[pri:0, instance:test.components.Login_test_001@1fa268de] output={null}]]]>
              </value>
            </param>
          </params>
          <reporter-output>
          </reporter-output>
        </test-method> <!-- onTestFailure -->
        <test-method is-config="true" signature="teardown()[pri:0, instance:test.components.Login_test_001@1fa268de]" started-at="2022-10-26T00:42:54 IST" name="teardown" finished-at="2022-10-26T00:42:54 IST" duration-ms="271" status="PASS">
          <reporter-output>
          </reporter-output>
        </test-method> <!-- teardown -->
      </class> <!-- test.components.Login_test_001 -->
    </test> <!-- Test -->
  </suite> <!-- Suite -->
</testng-results>
